mode: set
go-runtimevalidation/args/args.go:39.53,46.29 3 1
go-runtimevalidation/args/args.go:46.29,50.24 2 1
go-runtimevalidation/args/args.go:50.24,52.18 2 1
go-runtimevalidation/args/args.go:52.18,54.5 1 0
go-runtimevalidation/args/args.go:57.4,60.5 1 1
go-runtimevalidation/args/args.go:63.9,63.34 1 1
go-runtimevalidation/args/args.go:63.34,65.18 2 1
go-runtimevalidation/args/args.go:65.18,67.5 1 0
go-runtimevalidation/args/args.go:70.4,76.5 1 1
go-runtimevalidation/args/args.go:79.9,79.27 1 1
go-runtimevalidation/args/args.go:79.27,87.4 1 1
go-runtimevalidation/args/args.go:87.9,87.42 1 1
go-runtimevalidation/args/args.go:87.42,96.4 2 0
go-runtimevalidation/args/args.go:96.9,98.18 2 1
go-runtimevalidation/args/args.go:98.18,100.5 1 0
go-runtimevalidation/args/args.go:103.4,106.5 1 1
go-runtimevalidation/args/args.go:110.2,110.21 1 1
go-runtimevalidation/args/args.go:114.59,120.30 5 1
go-runtimevalidation/args/args.go:120.30,123.12 2 1
go-runtimevalidation/args/args.go:124.17,125.18 1 1
go-runtimevalidation/args/args.go:126.17,127.18 1 1
go-runtimevalidation/args/args.go:128.12,129.24 1 1
go-runtimevalidation/args/args.go:130.12,132.38 1 1
go-runtimevalidation/args/args.go:132.38,135.13 3 1
go-runtimevalidation/args/args.go:137.12,140.38 1 1
go-runtimevalidation/args/args.go:140.38,142.19 1 1
go-runtimevalidation/args/args.go:142.19,145.14 3 1
go-runtimevalidation/args/args.go:153.5,154.13 2 1
go-runtimevalidation/args/args.go:158.3,158.27 1 1
go-runtimevalidation/args/args.go:162.2,162.27 1 1
go-runtimevalidation/args/args.go:162.27,164.3 1 1
go-runtimevalidation/args/args.go:166.2,166.14 1 1
go-runtimevalidation/args/args.go:170.39,174.26 3 0
go-runtimevalidation/args/args.go:174.26,175.14 1 0
go-runtimevalidation/args/args.go:175.14,178.4 2 0
go-runtimevalidation/args/args.go:178.9,178.24 1 0
go-runtimevalidation/args/args.go:178.24,180.4 1 0
go-runtimevalidation/args/args.go:180.9,182.4 1 0
go-runtimevalidation/args/args.go:185.2,185.15 1 0
go-runtimevalidation/args/args.go:189.60,190.67 1 1
go-runtimevalidation/args/args.go:190.67,192.3 1 0
go-runtimevalidation/args/args.go:194.2,197.67 3 1
go-runtimevalidation/args/args.go:197.67,199.3 1 0
go-runtimevalidation/args/args.go:201.2,207.35 5 1
go-runtimevalidation/args/args.go:207.35,212.17 3 1
go-runtimevalidation/args/args.go:212.17,214.4 1 0
go-runtimevalidation/args/args.go:215.3,215.27 1 1
go-runtimevalidation/args/args.go:218.2,218.28 1 1
go-runtimevalidation/args/args.go:222.41,223.19 1 1
go-runtimevalidation/args/args.go:223.19,229.3 1 1
go-runtimevalidation/args/args.go:229.8,229.33 1 1
go-runtimevalidation/args/args.go:229.33,232.17 2 1
go-runtimevalidation/args/args.go:232.17,234.4 1 0
go-runtimevalidation/args/args.go:236.3,242.9 1 1
go-runtimevalidation/args/args.go:243.8,243.30 1 1
go-runtimevalidation/args/args.go:243.30,246.17 2 1
go-runtimevalidation/args/args.go:246.17,248.4 1 0
go-runtimevalidation/args/args.go:250.3,253.9 1 1
go-runtimevalidation/args/args.go:254.8,254.41 1 1
go-runtimevalidation/args/args.go:254.41,260.3 1 0
go-runtimevalidation/args/args.go:260.8,263.17 2 1
go-runtimevalidation/args/args.go:263.17,265.4 1 0
go-runtimevalidation/args/args.go:267.3,270.9 1 1
go-runtimevalidation/args/args.go:274.53,277.31 2 1
go-runtimevalidation/args/args.go:277.31,278.33 1 1
go-runtimevalidation/args/args.go:278.33,280.23 2 1
go-runtimevalidation/args/args.go:280.23,282.5 1 0
go-runtimevalidation/args/args.go:284.4,289.18 4 1
go-runtimevalidation/args/args.go:289.18,291.5 1 0
go-runtimevalidation/args/args.go:294.4,295.18 2 1
go-runtimevalidation/args/args.go:295.18,297.5 1 0
go-runtimevalidation/args/args.go:299.4,303.10 1 1
go-runtimevalidation/args/args.go:307.2,307.63 1 0
go-runtimevalidation/args/args.go:311.48,313.17 2 1
go-runtimevalidation/args/args.go:313.17,315.3 1 1
go-runtimevalidation/args/args.go:317.2,317.31 1 1
go-runtimevalidation/args/args.go:317.31,319.3 1 1
go-runtimevalidation/args/args.go:321.2,321.31 1 1
go-runtimevalidation/args/args.go:321.31,323.3 1 1
go-runtimevalidation/args/args.go:326.2,326.62 1 1
go-runtimevalidation/args/args.go:326.62,328.3 1 1
go-runtimevalidation/args/args.go:330.2,330.31 1 1
go-runtimevalidation/args/args.go:334.62,336.60 1 1
go-runtimevalidation/args/args.go:336.60,341.33 4 1
go-runtimevalidation/args/args.go:341.33,343.24 2 1
go-runtimevalidation/args/args.go:343.24,345.5 1 0
go-runtimevalidation/args/args.go:347.4,352.18 4 1
go-runtimevalidation/args/args.go:352.18,354.5 1 0
go-runtimevalidation/args/args.go:357.4,358.42 2 1
go-runtimevalidation/args/args.go:358.42,360.5 1 1
go-runtimevalidation/args/args.go:362.4,362.26 1 1
go-runtimevalidation/args/args.go:365.3,365.24 1 1
go-runtimevalidation/args/args.go:368.2,368.53 1 0
go-runtimevalidation/args/args.go:372.55,374.60 1 1
go-runtimevalidation/args/args.go:374.60,380.35 4 1
go-runtimevalidation/args/args.go:380.35,383.18 3 1
go-runtimevalidation/args/args.go:383.18,385.5 1 0
go-runtimevalidation/args/args.go:386.4,386.32 1 1
go-runtimevalidation/args/args.go:389.3,389.20 1 1
go-runtimevalidation/args/args.go:392.2,392.55 1 0
go-runtimevalidation/args/args.go:396.43,398.62 2 1
go-runtimevalidation/args/args.go:398.62,400.3 1 0
go-runtimevalidation/args/args.go:403.2,403.50 1 1
go-runtimevalidation/args/args.go:403.50,405.3 1 1
go-runtimevalidation/args/args.go:408.2,408.62 1 1
go-runtimevalidation/args/args.go:408.62,410.3 1 1
go-runtimevalidation/args/args.go:413.2,413.56 1 1
go-runtimevalidation/args/args.go:413.56,415.3 1 1
go-runtimevalidation/args/args.go:417.2,417.10 1 1
go-runtimevalidation/args/args.go:421.29,423.2 1 1
go-runtimevalidation/args/args.go:426.36,428.2 1 1
go-runtimevalidation/args/args.go:431.33,433.31 2 1
go-runtimevalidation/args/args.go:433.31,434.30 1 1
go-runtimevalidation/args/args.go:434.30,436.4 1 1
go-runtimevalidation/args/args.go:438.2,438.14 1 1
go-runtimevalidation/args/evaluate.go:11.45,12.24 1 1
go-runtimevalidation/args/evaluate.go:12.24,13.17 1 1
go-runtimevalidation/args/evaluate.go:13.17,15.4 1 1
go-runtimevalidation/args/evaluate.go:16.3,17.28 2 1
go-runtimevalidation/args/evaluate.go:17.28,19.4 1 1
go-runtimevalidation/args/evaluate.go:20.3,20.37 1 1
go-runtimevalidation/args/evaluate.go:21.8,21.35 1 1
go-runtimevalidation/args/evaluate.go:21.35,24.17 2 1
go-runtimevalidation/args/evaluate.go:24.17,26.4 1 0
go-runtimevalidation/args/evaluate.go:27.3,28.17 2 1
go-runtimevalidation/args/evaluate.go:28.17,30.4 1 0
go-runtimevalidation/args/evaluate.go:31.3,31.55 1 1
go-runtimevalidation/args/evaluate.go:32.8,32.34 1 1
go-runtimevalidation/args/evaluate.go:32.34,35.3 1 1
go-runtimevalidation/args/evaluate.go:36.2,36.21 1 1
go-runtimevalidation/args/evaluate.go:40.68,41.23 1 1
go-runtimevalidation/args/evaluate.go:42.13,43.30 1 1
go-runtimevalidation/args/evaluate.go:43.30,45.4 1 0
go-runtimevalidation/args/evaluate.go:46.3,47.17 2 1
go-runtimevalidation/args/evaluate.go:47.17,49.4 1 1
go-runtimevalidation/args/evaluate.go:50.3,50.36 1 1
go-runtimevalidation/args/evaluate.go:51.13,52.30 1 0
go-runtimevalidation/args/evaluate.go:52.30,54.4 1 0
go-runtimevalidation/args/evaluate.go:55.3,56.17 2 0
go-runtimevalidation/args/evaluate.go:56.17,58.4 1 0
go-runtimevalidation/args/evaluate.go:59.3,59.36 1 0
go-runtimevalidation/args/evaluate.go:60.15,61.30 1 0
go-runtimevalidation/args/evaluate.go:61.30,63.4 1 0
go-runtimevalidation/args/evaluate.go:64.3,65.17 2 0
go-runtimevalidation/args/evaluate.go:65.17,67.4 1 0
go-runtimevalidation/args/evaluate.go:68.3,68.38 1 0
go-runtimevalidation/args/evaluate.go:70.10,71.64 1 0
go-runtimevalidation/args/evaluate.go:75.67,76.48 1 1
go-runtimevalidation/args/evaluate.go:76.48,78.3 1 1
go-runtimevalidation/args/evaluate.go:79.2,79.18 1 1
go-runtimevalidation/args/evaluate.go:80.12,81.42 1 1
go-runtimevalidation/args/evaluate.go:82.12,83.43 1 1
go-runtimevalidation/args/evaluate.go:84.11,85.44 1 1
go-runtimevalidation/args/evaluate.go:86.11,87.44 1 1
go-runtimevalidation/args/evaluate.go:88.12,89.44 1 0
go-runtimevalidation/args/evaluate.go:90.12,91.44 1 0
go-runtimevalidation/args/evaluate.go:92.10,93.61 1 1
go-runtimevalidation/args/evaluate.go:98.74,99.32 1 1
go-runtimevalidation/args/evaluate.go:100.38,103.19 3 1
go-runtimevalidation/args/evaluate.go:104.12,105.31 1 1
go-runtimevalidation/args/evaluate.go:106.12,107.31 1 1
go-runtimevalidation/args/evaluate.go:108.13,109.32 1 0
go-runtimevalidation/args/evaluate.go:110.13,111.32 1 0
go-runtimevalidation/args/evaluate.go:113.43,116.19 3 0
go-runtimevalidation/args/evaluate.go:117.12,118.33 1 0
go-runtimevalidation/args/evaluate.go:119.12,120.33 1 0
go-runtimevalidation/args/evaluate.go:121.13,122.34 1 0
go-runtimevalidation/args/evaluate.go:123.13,124.34 1 0
go-runtimevalidation/args/evaluate.go:126.24,129.19 3 0
go-runtimevalidation/args/evaluate.go:130.12,131.35 1 0
go-runtimevalidation/args/evaluate.go:132.12,133.35 1 0
go-runtimevalidation/args/evaluate.go:134.13,135.36 1 0
go-runtimevalidation/args/evaluate.go:136.13,137.36 1 0
go-runtimevalidation/args/evaluate.go:139.10,140.71 1 0
go-runtimevalidation/args/evaluate.go:143.2,143.60 1 0
go-runtimevalidation/regex/compiler.go:108.52,111.31 3 0
go-runtimevalidation/regex/compiler.go:111.31,112.18 1 0
go-runtimevalidation/regex/compiler.go:112.18,114.4 1 0
go-runtimevalidation/regex/compiler.go:115.3,115.15 1 0
go-runtimevalidation/functions/functions.go:28.37,30.20 2 1
go-runtimevalidation/functions/functions.go:31.65,32.24 1 1
go-runtimevalidation/functions/functions.go:33.10,34.67 1 1
go-runtimevalidation/functions/functions.go:62.39,64.27 2 1
go-runtimevalidation/functions/functions.go:65.38,66.26 1 1
go-runtimevalidation/functions/functions.go:67.43,68.34 1 1
go-runtimevalidation/functions/functions.go:69.21,71.33 1 1
go-runtimevalidation/functions/functions.go:72.17,74.23 1 1
go-runtimevalidation/functions/functions.go:75.14,77.68 1 1
go-runtimevalidation/functions/functions.go:77.68,79.4 1 1
go-runtimevalidation/functions/functions.go:81.3,81.69 1 1
go-runtimevalidation/functions/functions.go:81.69,83.4 1 1
go-runtimevalidation/functions/functions.go:84.3,84.75 1 1
go-runtimevalidation/functions/functions.go:85.10,86.75 1 1
go-runtimevalidation/functions/functions.go:112.43,114.27 2 0
go-runtimevalidation/functions/functions.go:115.38,116.35 1 0
go-runtimevalidation/functions/functions.go:117.43,118.36 1 0
go-runtimevalidation/functions/functions.go:119.15,120.37 1 0
go-runtimevalidation/functions/functions.go:121.15,122.28 1 0
go-runtimevalidation/functions/functions.go:123.14,125.67 1 0
go-runtimevalidation/functions/functions.go:125.67,127.4 1 0
go-runtimevalidation/functions/functions.go:128.3,128.77 1 0
go-runtimevalidation/functions/functions.go:129.10,130.77 1 0
go-runtimevalidation/functions/functions.go:157.43,159.27 2 0
go-runtimevalidation/functions/functions.go:160.14,161.29 1 0
go-runtimevalidation/functions/functions.go:162.38,163.49 1 0
go-runtimevalidation/functions/functions.go:164.43,165.51 1 0
go-runtimevalidation/functions/functions.go:166.15,167.62 1 0
go-runtimevalidation/functions/functions.go:168.15,169.62 1 0
go-runtimevalidation/functions/functions.go:170.12,171.47 1 0
go-runtimevalidation/functions/functions.go:172.10,173.77 1 0
go-runtimevalidation/regex/compiler.go:108.52,111.31 3 1
go-runtimevalidation/regex/compiler.go:111.31,112.18 1 1
go-runtimevalidation/regex/compiler.go:112.18,114.4 1 1
go-runtimevalidation/regex/compiler.go:115.3,115.15 1 1
go-runtimevalidation/rules/alpha.go:27.29,30.9 2 1
go-runtimevalidation/rules/alpha.go:30.9,32.3 1 1
go-runtimevalidation/rules/alpha.go:35.2,35.44 1 1
go-runtimevalidation/rules/alpha.go:35.44,37.3 1 1
go-runtimevalidation/rules/alpha.go:39.2,39.12 1 1
go-runtimevalidation/rules/alphanumeric.go:28.36,31.9 2 1
go-runtimevalidation/rules/alphanumeric.go:31.9,33.3 1 1
go-runtimevalidation/rules/alphanumeric.go:36.2,36.51 1 1
go-runtimevalidation/rules/alphanumeric.go:36.51,38.3 1 1
go-runtimevalidation/rules/alphanumeric.go:40.2,40.12 1 1
go-runtimevalidation/rules/alphanumericunicode.go:29.43,32.9 2 1
go-runtimevalidation/rules/alphanumericunicode.go:32.9,34.3 1 1
go-runtimevalidation/rules/alphanumericunicode.go:37.2,37.58 1 1
go-runtimevalidation/rules/alphanumericunicode.go:37.58,39.3 1 1
go-runtimevalidation/rules/alphanumericunicode.go:41.2,41.12 1 1
go-runtimevalidation/rules/alphaunicode.go:31.36,34.9 2 1
go-runtimevalidation/rules/alphaunicode.go:34.9,36.3 1 1
go-runtimevalidation/rules/alphaunicode.go:39.2,39.51 1 1
go-runtimevalidation/rules/alphaunicode.go:39.51,41.3 1 1
go-runtimevalidation/rules/alphaunicode.go:43.2,43.12 1 1
go-runtimevalidation/rules/ascii.go:22.29,25.9 2 1
go-runtimevalidation/rules/ascii.go:25.9,27.3 1 1
go-runtimevalidation/rules/ascii.go:30.2,30.44 1 1
go-runtimevalidation/rules/ascii.go:30.44,32.3 1 1
go-runtimevalidation/rules/ascii.go:34.2,34.12 1 1
go-runtimevalidation/rules/asciiprint.go:20.34,23.9 2 1
go-runtimevalidation/rules/asciiprint.go:23.9,25.3 1 1
go-runtimevalidation/rules/asciiprint.go:28.2,28.53 1 1
go-runtimevalidation/rules/asciiprint.go:28.53,30.3 1 1
go-runtimevalidation/rules/asciiprint.go:32.2,32.12 1 1
go-runtimevalidation/rules/base32.go:10.30,13.9 2 1
go-runtimevalidation/rules/base32.go:13.9,15.3 1 1
go-runtimevalidation/rules/base32.go:18.2,19.16 2 1
go-runtimevalidation/rules/base32.go:19.16,21.3 1 1
go-runtimevalidation/rules/base32.go:23.2,23.12 1 1
go-runtimevalidation/rules/base32hex.go:10.33,13.9 2 1
go-runtimevalidation/rules/base32hex.go:13.9,15.3 1 1
go-runtimevalidation/rules/base32hex.go:18.2,19.16 2 1
go-runtimevalidation/rules/base32hex.go:19.16,21.3 1 1
go-runtimevalidation/rules/base32hex.go:23.2,23.12 1 1
go-runtimevalidation/rules/base64.go:10.30,13.9 2 1
go-runtimevalidation/rules/base64.go:13.9,15.3 1 1
go-runtimevalidation/rules/base64.go:18.2,19.16 2 1
go-runtimevalidation/rules/base64.go:19.16,21.3 1 1
go-runtimevalidation/rules/base64.go:23.2,23.12 1 1
go-runtimevalidation/rules/base64raw.go:10.33,13.9 2 1
go-runtimevalidation/rules/base64raw.go:13.9,15.3 1 1
go-runtimevalidation/rules/base64raw.go:18.2,19.16 2 1
go-runtimevalidation/rules/base64raw.go:19.16,21.3 1 1
go-runtimevalidation/rules/base64raw.go:23.2,23.12 1 1
go-runtimevalidation/rules/base64rawurl.go:10.36,13.9 2 1
go-runtimevalidation/rules/base64rawurl.go:13.9,15.3 1 1
go-runtimevalidation/rules/base64rawurl.go:18.2,19.16 2 1
go-runtimevalidation/rules/base64rawurl.go:19.16,21.3 1 1
go-runtimevalidation/rules/base64rawurl.go:23.2,23.12 1 1
go-runtimevalidation/rules/base64url.go:10.33,13.9 2 1
go-runtimevalidation/rules/base64url.go:13.9,15.3 1 1
go-runtimevalidation/rules/base64url.go:18.2,19.16 2 1
go-runtimevalidation/rules/base64url.go:19.16,21.3 1 1
go-runtimevalidation/rules/base64url.go:23.2,23.12 1 1
go-runtimevalidation/rules/between.go:33.71,34.25 1 1
go-runtimevalidation/rules/between.go:34.25,36.3 1 0
go-runtimevalidation/rules/between.go:39.2,41.30 3 1
go-runtimevalidation/rules/between.go:41.30,42.13 1 1
go-runtimevalidation/rules/between.go:42.13,44.4 1 1
go-runtimevalidation/rules/between.go:44.9,46.4 1 1
go-runtimevalidation/rules/between.go:47.3,47.6 1 1
go-runtimevalidation/rules/between.go:51.2,52.16 2 1
go-runtimevalidation/rules/between.go:52.16,54.3 1 0
go-runtimevalidation/rules/between.go:56.2,57.16 2 1
go-runtimevalidation/rules/between.go:57.16,59.3 1 0
go-runtimevalidation/rules/between.go:62.2,63.16 2 1
go-runtimevalidation/rules/between.go:63.16,65.3 1 0
go-runtimevalidation/rules/between.go:68.2,69.16 2 1
go-runtimevalidation/rules/between.go:69.16,71.3 1 0
go-runtimevalidation/rules/between.go:73.2,74.16 2 1
go-runtimevalidation/rules/between.go:74.16,76.3 1 1
go-runtimevalidation/rules/between.go:79.2,79.78 1 1
go-runtimevalidation/rules/between.go:79.78,81.3 1 1
go-runtimevalidation/rules/between.go:84.2,84.12 1 1
go-runtimevalidation/rules/betweenf.go:33.72,34.25 1 1
go-runtimevalidation/rules/betweenf.go:34.25,36.3 1 1
go-runtimevalidation/rules/betweenf.go:39.2,41.30 3 1
go-runtimevalidation/rules/betweenf.go:41.30,42.13 1 1
go-runtimevalidation/rules/betweenf.go:42.13,44.4 1 1
go-runtimevalidation/rules/betweenf.go:44.9,46.4 1 1
go-runtimevalidation/rules/betweenf.go:47.3,47.6 1 1
go-runtimevalidation/rules/betweenf.go:51.2,52.16 2 1
go-runtimevalidation/rules/betweenf.go:52.16,54.3 1 0
go-runtimevalidation/rules/betweenf.go:56.2,57.16 2 1
go-runtimevalidation/rules/betweenf.go:57.16,59.3 1 0
go-runtimevalidation/rules/betweenf.go:62.2,63.16 2 1
go-runtimevalidation/rules/betweenf.go:63.16,65.3 1 1
go-runtimevalidation/rules/betweenf.go:68.2,69.16 2 1
go-runtimevalidation/rules/betweenf.go:69.16,71.3 1 1
go-runtimevalidation/rules/betweenf.go:73.2,74.16 2 1
go-runtimevalidation/rules/betweenf.go:74.16,76.3 1 1
go-runtimevalidation/rules/betweenf.go:79.2,79.78 1 1
go-runtimevalidation/rules/betweenf.go:79.78,81.3 1 1
go-runtimevalidation/rules/betweenf.go:84.2,84.12 1 1
go-runtimevalidation/rules/bic.go:22.27,25.16 2 1
go-runtimevalidation/rules/bic.go:25.16,27.3 1 0
go-runtimevalidation/rules/bic.go:30.2,30.42 1 1
go-runtimevalidation/rules/bic.go:30.42,32.3 1 1
go-runtimevalidation/rules/bic.go:34.2,34.12 1 1
go-runtimevalidation/rules/contains.go:24.72,25.25 1 1
go-runtimevalidation/rules/contains.go:25.25,27.3 1 0
go-runtimevalidation/rules/contains.go:30.2,31.30 2 1
go-runtimevalidation/rules/contains.go:31.30,33.8 2 1
go-runtimevalidation/rules/contains.go:37.2,38.16 2 1
go-runtimevalidation/rules/contains.go:38.16,40.3 1 0
go-runtimevalidation/rules/contains.go:43.2,44.16 2 1
go-runtimevalidation/rules/contains.go:44.16,46.3 1 0
go-runtimevalidation/rules/contains.go:49.2,50.16 2 1
go-runtimevalidation/rules/contains.go:50.16,52.3 1 0
go-runtimevalidation/rules/contains.go:54.2,54.44 1 1
go-runtimevalidation/rules/contains.go:54.44,56.3 1 1
go-runtimevalidation/rules/contains.go:59.2,59.41 1 1
go-runtimevalidation/rules/contains.go:59.41,61.3 1 1
go-runtimevalidation/rules/contains.go:63.2,63.12 1 1
go-runtimevalidation/rules/containsnot.go:24.75,25.25 1 1
go-runtimevalidation/rules/containsnot.go:25.25,27.3 1 0
go-runtimevalidation/rules/containsnot.go:30.2,31.30 2 1
go-runtimevalidation/rules/containsnot.go:31.30,33.8 2 1
go-runtimevalidation/rules/containsnot.go:37.2,38.16 2 1
go-runtimevalidation/rules/containsnot.go:38.16,40.3 1 0
go-runtimevalidation/rules/containsnot.go:43.2,44.16 2 1
go-runtimevalidation/rules/containsnot.go:44.16,46.3 1 0
go-runtimevalidation/rules/containsnot.go:49.2,50.16 2 1
go-runtimevalidation/rules/containsnot.go:50.16,52.3 1 0
go-runtimevalidation/rules/containsnot.go:54.2,54.44 1 1
go-runtimevalidation/rules/containsnot.go:54.44,56.3 1 1
go-runtimevalidation/rules/containsnot.go:59.2,59.40 1 1
go-runtimevalidation/rules/containsnot.go:59.40,61.3 1 1
go-runtimevalidation/rules/containsnot.go:63.2,63.12 1 1
go-runtimevalidation/rules/cron.go:24.28,27.9 2 1
go-runtimevalidation/rules/cron.go:27.9,29.3 1 0
go-runtimevalidation/rules/cron.go:32.2,33.26 2 1
go-runtimevalidation/rules/cron.go:33.26,35.3 1 1
go-runtimevalidation/rules/cron.go:37.2,37.12 1 1
go-runtimevalidation/rules/cve.go:20.27,23.9 2 1
go-runtimevalidation/rules/cve.go:23.9,25.3 1 0
go-runtimevalidation/rules/cve.go:28.2,28.42 1 1
go-runtimevalidation/rules/cve.go:28.42,30.3 1 1
go-runtimevalidation/rules/cve.go:32.2,32.12 1 1
go-runtimevalidation/rules/datauri.go:25.31,28.9 2 1
go-runtimevalidation/rules/datauri.go:28.9,30.3 1 1
go-runtimevalidation/rules/datauri.go:33.2,33.46 1 1
go-runtimevalidation/rules/datauri.go:33.46,35.3 1 1
go-runtimevalidation/rules/datauri.go:37.2,37.12 1 1
go-runtimevalidation/rules/dns.go:19.27,22.9 2 1
go-runtimevalidation/rules/dns.go:22.9,24.3 1 0
go-runtimevalidation/rules/dns.go:27.2,27.42 1 1
go-runtimevalidation/rules/dns.go:27.42,29.3 1 1
go-runtimevalidation/rules/dns.go:31.2,31.12 1 1
go-runtimevalidation/rules/e164.go:18.28,21.9 2 1
go-runtimevalidation/rules/e164.go:21.9,23.3 1 0
go-runtimevalidation/rules/e164.go:26.2,26.43 1 1
go-runtimevalidation/rules/e164.go:26.43,28.3 1 1
go-runtimevalidation/rules/e164.go:30.2,30.12 1 1
go-runtimevalidation/rules/email.go:26.29,29.9 2 1
go-runtimevalidation/rules/email.go:29.9,31.3 1 1
go-runtimevalidation/rules/email.go:34.2,34.44 1 1
go-runtimevalidation/rules/email.go:34.44,36.3 1 1
go-runtimevalidation/rules/email.go:38.2,38.12 1 1
go-runtimevalidation/rules/endsnotwith.go:24.75,25.25 1 1
go-runtimevalidation/rules/endsnotwith.go:25.25,27.3 1 0
go-runtimevalidation/rules/endsnotwith.go:30.2,31.30 2 1
go-runtimevalidation/rules/endsnotwith.go:31.30,33.8 2 1
go-runtimevalidation/rules/endsnotwith.go:37.2,38.16 2 1
go-runtimevalidation/rules/endsnotwith.go:38.16,40.3 1 0
go-runtimevalidation/rules/endsnotwith.go:43.2,44.16 2 1
go-runtimevalidation/rules/endsnotwith.go:44.16,46.3 1 1
go-runtimevalidation/rules/endsnotwith.go:49.2,50.16 2 1
go-runtimevalidation/rules/endsnotwith.go:50.16,52.3 1 0
go-runtimevalidation/rules/endsnotwith.go:55.2,55.38 1 1
go-runtimevalidation/rules/endsnotwith.go:55.38,57.3 1 1
go-runtimevalidation/rules/endsnotwith.go:59.2,59.12 1 1
go-runtimevalidation/rules/endswith.go:24.72,25.25 1 1
go-runtimevalidation/rules/endswith.go:25.25,27.3 1 0
go-runtimevalidation/rules/endswith.go:30.2,31.30 2 1
go-runtimevalidation/rules/endswith.go:31.30,33.8 2 1
go-runtimevalidation/rules/endswith.go:37.2,38.16 2 1
go-runtimevalidation/rules/endswith.go:38.16,40.3 1 0
go-runtimevalidation/rules/endswith.go:43.2,44.16 2 1
go-runtimevalidation/rules/endswith.go:44.16,46.3 1 1
go-runtimevalidation/rules/endswith.go:49.2,50.16 2 1
go-runtimevalidation/rules/endswith.go:50.16,52.3 1 0
go-runtimevalidation/rules/endswith.go:55.2,55.39 1 1
go-runtimevalidation/rules/endswith.go:55.39,57.3 1 1
go-runtimevalidation/rules/endswith.go:59.2,59.12 1 1
go-runtimevalidation/rules/fqdn.go:18.28,21.9 2 1
go-runtimevalidation/rules/fqdn.go:21.9,23.3 1 1
go-runtimevalidation/rules/fqdn.go:26.2,26.43 1 1
go-runtimevalidation/rules/fqdn.go:26.43,28.3 1 1
go-runtimevalidation/rules/fqdn.go:30.2,30.12 1 1
go-runtimevalidation/rules/hexadecimal.go:26.35,29.9 2 1
go-runtimevalidation/rules/hexadecimal.go:29.9,31.3 1 1
go-runtimevalidation/rules/hexadecimal.go:34.2,34.50 1 1
go-runtimevalidation/rules/hexadecimal.go:34.50,36.3 1 1
go-runtimevalidation/rules/hexadecimal.go:38.2,38.12 1 1
go-runtimevalidation/rules/hexcolor.go:33.32,36.9 2 1
go-runtimevalidation/rules/hexcolor.go:36.9,38.3 1 1
go-runtimevalidation/rules/hexcolor.go:41.2,41.47 1 1
go-runtimevalidation/rules/hexcolor.go:41.47,43.3 1 1
go-runtimevalidation/rules/hexcolor.go:45.2,45.12 1 1
go-runtimevalidation/rules/hostname.go:19.32,22.9 2 1
go-runtimevalidation/rules/hostname.go:22.9,24.3 1 1
go-runtimevalidation/rules/hostname.go:27.2,27.47 1 1
go-runtimevalidation/rules/hostname.go:27.47,29.3 1 1
go-runtimevalidation/rules/hostname.go:31.2,31.12 1 1
go-runtimevalidation/rules/hsl.go:16.27,19.9 2 1
go-runtimevalidation/rules/hsl.go:19.9,21.3 1 1
go-runtimevalidation/rules/hsl.go:24.2,24.42 1 1
go-runtimevalidation/rules/hsl.go:24.42,26.3 1 1
go-runtimevalidation/rules/hsl.go:28.2,28.12 1 1
go-runtimevalidation/rules/hsla.go:16.28,19.9 2 1
go-runtimevalidation/rules/hsla.go:19.9,21.3 1 1
go-runtimevalidation/rules/hsla.go:24.2,24.43 1 1
go-runtimevalidation/rules/hsla.go:24.43,26.3 1 1
go-runtimevalidation/rules/hsla.go:28.2,28.12 1 1
go-runtimevalidation/rules/html.go:30.28,33.16 2 1
go-runtimevalidation/rules/html.go:33.16,35.3 1 1
go-runtimevalidation/rules/html.go:37.2,37.21 1 1
go-runtimevalidation/rules/html.go:37.21,39.3 1 1
go-runtimevalidation/rules/html.go:42.2,42.43 1 1
go-runtimevalidation/rules/html.go:42.43,44.3 1 1
go-runtimevalidation/rules/html.go:47.2,49.16 3 1
go-runtimevalidation/rules/html.go:49.16,51.3 1 0
go-runtimevalidation/rules/html.go:53.2,53.12 1 1
go-runtimevalidation/rules/htmlencoded.go:26.35,29.16 2 1
go-runtimevalidation/rules/htmlencoded.go:29.16,31.3 1 0
go-runtimevalidation/rules/htmlencoded.go:33.2,33.21 1 1
go-runtimevalidation/rules/htmlencoded.go:33.21,35.3 1 1
go-runtimevalidation/rules/htmlencoded.go:38.2,38.50 1 1
go-runtimevalidation/rules/htmlencoded.go:38.50,40.3 1 1
go-runtimevalidation/rules/htmlencoded.go:42.2,42.12 1 1
go-runtimevalidation/rules/isbn10.go:23.30,26.9 2 1
go-runtimevalidation/rules/isbn10.go:26.9,28.3 1 1
go-runtimevalidation/rules/isbn10.go:31.2,32.26 2 1
go-runtimevalidation/rules/isbn10.go:32.26,34.3 1 1
go-runtimevalidation/rules/isbn10.go:37.2,38.30 2 1
go-runtimevalidation/rules/isbn10.go:38.30,41.3 2 1
go-runtimevalidation/rules/isbn10.go:43.2,43.17 1 1
go-runtimevalidation/rules/isbn10.go:43.17,45.3 1 0
go-runtimevalidation/rules/isbn10.go:47.2,47.12 1 1
go-runtimevalidation/rules/isbn13.go:23.30,26.9 2 1
go-runtimevalidation/rules/isbn13.go:26.9,28.3 1 1
go-runtimevalidation/rules/isbn13.go:31.2,32.26 2 1
go-runtimevalidation/rules/isbn13.go:32.26,34.3 1 1
go-runtimevalidation/rules/isbn13.go:37.2,38.30 2 1
go-runtimevalidation/rules/isbn13.go:38.30,40.15 2 1
go-runtimevalidation/rules/isbn13.go:40.15,42.4 1 1
go-runtimevalidation/rules/isbn13.go:42.9,44.4 1 1
go-runtimevalidation/rules/isbn13.go:47.2,47.17 1 1
go-runtimevalidation/rules/isbn13.go:47.17,49.3 1 1
go-runtimevalidation/rules/isbn13.go:51.2,51.12 1 1
go-runtimevalidation/rules/issn.go:20.28,23.9 2 1
go-runtimevalidation/rules/issn.go:23.9,25.3 1 1
go-runtimevalidation/rules/issn.go:28.2,28.43 1 1
go-runtimevalidation/rules/issn.go:28.43,30.3 1 1
go-runtimevalidation/rules/issn.go:32.2,32.12 1 1
go-runtimevalidation/rules/jwt.go:23.27,26.16 2 1
go-runtimevalidation/rules/jwt.go:26.16,28.3 1 0
go-runtimevalidation/rules/jwt.go:30.2,30.21 1 1
go-runtimevalidation/rules/jwt.go:30.21,32.3 1 1
go-runtimevalidation/rules/jwt.go:35.2,35.42 1 1
go-runtimevalidation/rules/jwt.go:35.42,37.3 1 1
go-runtimevalidation/rules/jwt.go:39.2,39.12 1 1
go-runtimevalidation/rules/latitude.go:23.32,26.9 2 1
go-runtimevalidation/rules/latitude.go:26.9,28.3 1 1
go-runtimevalidation/rules/latitude.go:31.2,31.47 1 1
go-runtimevalidation/rules/latitude.go:31.47,33.3 1 1
go-runtimevalidation/rules/latitude.go:35.2,35.12 1 1
go-runtimevalidation/rules/length.go:20.70,22.25 1 1
go-runtimevalidation/rules/length.go:22.25,24.3 1 0
go-runtimevalidation/rules/length.go:27.2,28.30 2 1
go-runtimevalidation/rules/length.go:28.30,30.8 2 1
go-runtimevalidation/rules/length.go:34.2,35.16 2 1
go-runtimevalidation/rules/length.go:35.16,37.3 1 0
go-runtimevalidation/rules/length.go:40.2,41.16 2 1
go-runtimevalidation/rules/length.go:41.16,43.3 1 1
go-runtimevalidation/rules/length.go:46.2,47.16 2 1
go-runtimevalidation/rules/length.go:47.16,49.3 1 1
go-runtimevalidation/rules/length.go:52.2,52.23 1 1
go-runtimevalidation/rules/length.go:52.23,54.3 1 1
go-runtimevalidation/rules/length.go:56.2,56.12 1 1
go-runtimevalidation/rules/longitude.go:22.33,25.9 2 1
go-runtimevalidation/rules/longitude.go:25.9,27.3 1 1
go-runtimevalidation/rules/longitude.go:30.2,30.48 1 1
go-runtimevalidation/rules/longitude.go:30.48,32.3 1 1
go-runtimevalidation/rules/longitude.go:34.2,34.12 1 1
go-runtimevalidation/rules/lowercase.go:19.33,22.9 2 1
go-runtimevalidation/rules/lowercase.go:22.9,24.3 1 1
go-runtimevalidation/rules/lowercase.go:26.2,26.26 1 1
go-runtimevalidation/rules/lowercase.go:26.26,27.49 1 1
go-runtimevalidation/rules/lowercase.go:27.49,29.4 1 1
go-runtimevalidation/rules/lowercase.go:32.2,32.12 1 1
go-runtimevalidation/rules/max.go:32.67,33.25 1 1
go-runtimevalidation/rules/max.go:33.25,35.3 1 0
go-runtimevalidation/rules/max.go:38.2,39.30 2 1
go-runtimevalidation/rules/max.go:39.30,41.8 2 1
go-runtimevalidation/rules/max.go:45.2,46.16 2 1
go-runtimevalidation/rules/max.go:46.16,48.3 1 0
go-runtimevalidation/rules/max.go:51.2,52.16 2 1
go-runtimevalidation/rules/max.go:52.16,54.3 1 1
go-runtimevalidation/rules/max.go:57.2,58.16 2 1
go-runtimevalidation/rules/max.go:58.16,60.3 1 1
go-runtimevalidation/rules/max.go:63.2,63.15 1 1
go-runtimevalidation/rules/max.go:63.15,65.3 1 1
go-runtimevalidation/rules/max.go:68.2,68.12 1 1
go-runtimevalidation/rules/md4.go:20.27,23.9 2 1
go-runtimevalidation/rules/md4.go:23.9,25.3 1 1
go-runtimevalidation/rules/md4.go:28.2,28.42 1 1
go-runtimevalidation/rules/md4.go:28.42,30.3 1 1
go-runtimevalidation/rules/md4.go:32.2,32.12 1 1
go-runtimevalidation/rules/md5.go:20.27,23.9 2 1
go-runtimevalidation/rules/md5.go:23.9,25.3 1 1
go-runtimevalidation/rules/md5.go:28.2,28.42 1 1
go-runtimevalidation/rules/md5.go:28.42,30.3 1 1
go-runtimevalidation/rules/md5.go:32.2,32.12 1 1
go-runtimevalidation/rules/min.go:32.67,33.25 1 1
go-runtimevalidation/rules/min.go:33.25,35.3 1 0
go-runtimevalidation/rules/min.go:38.2,39.30 2 1
go-runtimevalidation/rules/min.go:39.30,41.8 2 1
go-runtimevalidation/rules/min.go:45.2,46.16 2 1
go-runtimevalidation/rules/min.go:46.16,48.3 1 0
go-runtimevalidation/rules/min.go:51.2,52.16 2 1
go-runtimevalidation/rules/min.go:52.16,54.3 1 1
go-runtimevalidation/rules/min.go:57.2,58.16 2 1
go-runtimevalidation/rules/min.go:58.16,60.3 1 1
go-runtimevalidation/rules/min.go:63.2,63.15 1 1
go-runtimevalidation/rules/min.go:63.15,65.3 1 1
go-runtimevalidation/rules/min.go:68.2,68.12 1 1
go-runtimevalidation/rules/multibyte.go:22.33,25.9 2 1
go-runtimevalidation/rules/multibyte.go:25.9,27.3 1 1
go-runtimevalidation/rules/multibyte.go:30.2,30.48 1 1
go-runtimevalidation/rules/multibyte.go:30.48,32.3 1 1
go-runtimevalidation/rules/multibyte.go:34.2,34.12 1 1
go-runtimevalidation/rules/numeric.go:33.31,36.9 2 1
go-runtimevalidation/rules/numeric.go:36.9,38.3 1 1
go-runtimevalidation/rules/numeric.go:41.2,41.46 1 1
go-runtimevalidation/rules/numeric.go:41.46,43.3 1 1
go-runtimevalidation/rules/numeric.go:45.2,45.12 1 1
go-runtimevalidation/rules/numericunsigned.go:26.39,29.9 2 1
go-runtimevalidation/rules/numericunsigned.go:29.9,31.3 1 1
go-runtimevalidation/rules/numericunsigned.go:34.2,34.54 1 1
go-runtimevalidation/rules/numericunsigned.go:34.54,36.3 1 1
go-runtimevalidation/rules/numericunsigned.go:38.2,38.12 1 1
go-runtimevalidation/rules/oneof.go:33.69,34.25 1 1
go-runtimevalidation/rules/oneof.go:34.25,36.3 1 1
go-runtimevalidation/rules/oneof.go:38.2,38.30 1 1
go-runtimevalidation/rules/oneof.go:38.30,40.17 2 1
go-runtimevalidation/rules/oneof.go:40.17,42.4 1 0
go-runtimevalidation/rules/oneof.go:44.3,44.36 1 1
go-runtimevalidation/rules/oneof.go:44.36,46.4 1 1
go-runtimevalidation/rules/oneof.go:49.2,49.85 1 1
go-runtimevalidation/rules/regex.go:25.69,27.25 1 1
go-runtimevalidation/rules/regex.go:27.25,29.3 1 1
go-runtimevalidation/rules/regex.go:32.2,33.16 2 1
go-runtimevalidation/rules/regex.go:33.16,35.3 1 0
go-runtimevalidation/rules/regex.go:38.2,39.9 2 1
go-runtimevalidation/rules/regex.go:39.9,41.3 1 1
go-runtimevalidation/rules/regex.go:43.2,44.16 2 1
go-runtimevalidation/rules/regex.go:44.16,46.3 1 0
go-runtimevalidation/rules/regex.go:48.2,49.16 2 1
go-runtimevalidation/rules/regex.go:49.16,51.3 1 1
go-runtimevalidation/rules/regex.go:54.2,54.29 1 1
go-runtimevalidation/rules/regex.go:54.29,56.3 1 1
go-runtimevalidation/rules/regex.go:58.2,58.12 1 1
go-runtimevalidation/rules/required.go:24.32,26.22 2 1
go-runtimevalidation/rules/required.go:27.94,28.20 1 1
go-runtimevalidation/rules/required.go:28.20,30.4 1 1
go-runtimevalidation/rules/required.go:31.3,31.13 1 1
go-runtimevalidation/rules/required.go:32.10,33.62 1 1
go-runtimevalidation/rules/required.go:33.62,35.4 1 0
go-runtimevalidation/rules/required.go:35.9,35.48 1 1
go-runtimevalidation/rules/required.go:35.48,37.4 1 1
go-runtimevalidation/rules/required.go:37.9,39.4 1 1
go-runtimevalidation/rules/requiredif.go:17.69,18.27 1 1
go-runtimevalidation/rules/requiredif.go:18.27,20.17 2 1
go-runtimevalidation/rules/requiredif.go:20.17,22.4 1 1
go-runtimevalidation/rules/requiredif.go:24.3,24.22 1 1
go-runtimevalidation/rules/requiredif.go:24.22,26.4 1 1
go-runtimevalidation/rules/requiredif.go:30.2,30.24 1 1
go-runtimevalidation/rules/rgb.go:16.27,19.9 2 1
go-runtimevalidation/rules/rgb.go:19.9,21.3 1 1
go-runtimevalidation/rules/rgb.go:24.2,24.42 1 1
go-runtimevalidation/rules/rgb.go:24.42,26.3 1 1
go-runtimevalidation/rules/rgb.go:28.2,28.12 1 1
go-runtimevalidation/rules/rgba.go:17.28,20.9 2 1
go-runtimevalidation/rules/rgba.go:20.9,22.3 1 1
go-runtimevalidation/rules/rgba.go:25.2,25.43 1 1
go-runtimevalidation/rules/rgba.go:25.43,27.3 1 1
go-runtimevalidation/rules/rgba.go:29.2,29.12 1 1
go-runtimevalidation/rules/semver.go:21.30,24.16 2 1
go-runtimevalidation/rules/semver.go:24.16,26.3 1 0
go-runtimevalidation/rules/semver.go:29.2,29.45 1 1
go-runtimevalidation/rules/semver.go:29.45,31.3 1 1
go-runtimevalidation/rules/semver.go:33.2,33.12 1 1
go-runtimevalidation/rules/sha.go:21.27,24.9 2 1
go-runtimevalidation/rules/sha.go:24.9,26.3 1 1
go-runtimevalidation/rules/sha.go:29.2,29.42 1 1
go-runtimevalidation/rules/sha.go:29.42,31.3 1 1
go-runtimevalidation/rules/sha.go:33.2,33.12 1 1
go-runtimevalidation/rules/sha160.go:21.30,24.9 2 1
go-runtimevalidation/rules/sha160.go:24.9,26.3 1 1
go-runtimevalidation/rules/sha160.go:29.2,29.45 1 1
go-runtimevalidation/rules/sha160.go:29.45,31.3 1 1
go-runtimevalidation/rules/sha160.go:33.2,33.12 1 1
go-runtimevalidation/rules/sha224.go:20.30,23.9 2 1
go-runtimevalidation/rules/sha224.go:23.9,25.3 1 1
go-runtimevalidation/rules/sha224.go:28.2,28.45 1 1
go-runtimevalidation/rules/sha224.go:28.45,30.3 1 1
go-runtimevalidation/rules/sha224.go:32.2,32.12 1 1
go-runtimevalidation/rules/sha256.go:20.30,23.9 2 1
go-runtimevalidation/rules/sha256.go:23.9,25.3 1 1
go-runtimevalidation/rules/sha256.go:28.2,28.45 1 1
go-runtimevalidation/rules/sha256.go:28.45,30.3 1 1
go-runtimevalidation/rules/sha256.go:32.2,32.12 1 1
go-runtimevalidation/rules/sha3.go:21.28,24.9 2 1
go-runtimevalidation/rules/sha3.go:24.9,26.3 1 1
go-runtimevalidation/rules/sha3.go:29.2,29.43 1 1
go-runtimevalidation/rules/sha3.go:29.43,31.3 1 1
go-runtimevalidation/rules/sha3.go:33.2,33.12 1 1
go-runtimevalidation/rules/sha384.go:20.30,23.9 2 1
go-runtimevalidation/rules/sha384.go:23.9,25.3 1 1
go-runtimevalidation/rules/sha384.go:28.2,28.45 1 1
go-runtimevalidation/rules/sha384.go:28.45,30.3 1 1
go-runtimevalidation/rules/sha384.go:32.2,32.12 1 1
go-runtimevalidation/rules/sha512.go:20.30,23.9 2 1
go-runtimevalidation/rules/sha512.go:23.9,25.3 1 1
go-runtimevalidation/rules/sha512.go:28.2,28.45 1 1
go-runtimevalidation/rules/sha512.go:28.45,30.3 1 1
go-runtimevalidation/rules/sha512.go:32.2,32.12 1 1
go-runtimevalidation/rules/ssn.go:25.27,28.9 2 1
go-runtimevalidation/rules/ssn.go:28.9,30.3 1 1
go-runtimevalidation/rules/ssn.go:33.2,33.42 1 1
go-runtimevalidation/rules/ssn.go:33.42,35.3 1 1
go-runtimevalidation/rules/ssn.go:37.2,37.12 1 1
go-runtimevalidation/rules/startsnotwith.go:25.77,26.25 1 1
go-runtimevalidation/rules/startsnotwith.go:26.25,28.3 1 0
go-runtimevalidation/rules/startsnotwith.go:31.2,32.30 2 1
go-runtimevalidation/rules/startsnotwith.go:32.30,34.8 2 1
go-runtimevalidation/rules/startsnotwith.go:38.2,39.16 2 1
go-runtimevalidation/rules/startsnotwith.go:39.16,41.3 1 0
go-runtimevalidation/rules/startsnotwith.go:44.2,45.16 2 1
go-runtimevalidation/rules/startsnotwith.go:45.16,47.3 1 1
go-runtimevalidation/rules/startsnotwith.go:50.2,51.16 2 1
go-runtimevalidation/rules/startsnotwith.go:51.16,53.3 1 0
go-runtimevalidation/rules/startsnotwith.go:56.2,56.38 1 1
go-runtimevalidation/rules/startsnotwith.go:56.38,58.3 1 1
go-runtimevalidation/rules/startsnotwith.go:60.2,60.12 1 1
go-runtimevalidation/rules/startswith.go:25.74,26.25 1 1
go-runtimevalidation/rules/startswith.go:26.25,28.3 1 0
go-runtimevalidation/rules/startswith.go:31.2,32.30 2 1
go-runtimevalidation/rules/startswith.go:32.30,34.8 2 1
go-runtimevalidation/rules/startswith.go:38.2,39.16 2 1
go-runtimevalidation/rules/startswith.go:39.16,41.3 1 0
go-runtimevalidation/rules/startswith.go:44.2,45.16 2 1
go-runtimevalidation/rules/startswith.go:45.16,47.3 1 1
go-runtimevalidation/rules/startswith.go:50.2,51.16 2 1
go-runtimevalidation/rules/startswith.go:51.16,53.3 1 0
go-runtimevalidation/rules/startswith.go:56.2,56.39 1 1
go-runtimevalidation/rules/startswith.go:56.39,58.3 1 1
go-runtimevalidation/rules/startswith.go:60.2,60.12 1 1
go-runtimevalidation/rules/ulid.go:25.28,28.9 2 1
go-runtimevalidation/rules/ulid.go:28.9,30.3 1 1
go-runtimevalidation/rules/ulid.go:33.2,33.43 1 1
go-runtimevalidation/rules/ulid.go:33.43,35.3 1 1
go-runtimevalidation/rules/ulid.go:37.2,37.12 1 1
go-runtimevalidation/rules/uppercase.go:18.33,21.9 2 1
go-runtimevalidation/rules/uppercase.go:21.9,23.3 1 0
go-runtimevalidation/rules/uppercase.go:25.2,25.26 1 1
go-runtimevalidation/rules/uppercase.go:25.26,26.49 1 1
go-runtimevalidation/rules/uppercase.go:26.49,28.4 1 1
go-runtimevalidation/rules/uppercase.go:31.2,31.12 1 1
go-runtimevalidation/rules/urlencoded.go:19.34,22.16 2 1
go-runtimevalidation/rules/urlencoded.go:22.16,24.3 1 0
go-runtimevalidation/rules/urlencoded.go:26.2,26.21 1 1
go-runtimevalidation/rules/urlencoded.go:26.21,28.3 1 1
go-runtimevalidation/rules/urlencoded.go:31.2,31.49 1 1
go-runtimevalidation/rules/urlencoded.go:31.49,33.3 1 1
go-runtimevalidation/rules/urlencoded.go:35.2,35.12 1 1
go-runtimevalidation/rules/uuid.go:21.28,24.9 2 1
go-runtimevalidation/rules/uuid.go:24.9,26.3 1 1
go-runtimevalidation/rules/uuid.go:29.2,29.50 1 1
go-runtimevalidation/rules/uuid.go:29.50,31.3 1 1
go-runtimevalidation/rules/uuid.go:33.2,33.12 1 1
go-runtimevalidation/rules/uuid3.go:22.29,25.9 2 1
go-runtimevalidation/rules/uuid3.go:25.9,27.3 1 1
go-runtimevalidation/rules/uuid3.go:30.2,30.51 1 1
go-runtimevalidation/rules/uuid3.go:30.51,32.3 1 1
go-runtimevalidation/rules/uuid3.go:34.2,34.12 1 1
go-runtimevalidation/rules/uuid4.go:23.29,26.9 2 1
go-runtimevalidation/rules/uuid4.go:26.9,28.3 1 1
go-runtimevalidation/rules/uuid4.go:31.2,31.51 1 1
go-runtimevalidation/rules/uuid4.go:31.51,33.3 1 1
go-runtimevalidation/rules/uuid4.go:35.2,35.12 1 1
go-runtimevalidation/rules/uuid5.go:23.29,26.9 2 1
go-runtimevalidation/rules/uuid5.go:26.9,28.3 1 1
go-runtimevalidation/rules/uuid5.go:31.2,31.51 1 1
go-runtimevalidation/rules/uuid5.go:31.51,33.3 1 1
go-runtimevalidation/rules/uuid5.go:35.2,35.12 1 1
go-runtimevalidation/rules/xbetween.go:34.72,35.25 1 1
go-runtimevalidation/rules/xbetween.go:35.25,37.3 1 0
go-runtimevalidation/rules/xbetween.go:40.2,42.30 3 1
go-runtimevalidation/rules/xbetween.go:42.30,43.13 1 1
go-runtimevalidation/rules/xbetween.go:43.13,45.4 1 1
go-runtimevalidation/rules/xbetween.go:45.9,47.4 1 1
go-runtimevalidation/rules/xbetween.go:48.3,48.6 1 1
go-runtimevalidation/rules/xbetween.go:52.2,53.16 2 1
go-runtimevalidation/rules/xbetween.go:53.16,55.3 1 0
go-runtimevalidation/rules/xbetween.go:57.2,58.16 2 1
go-runtimevalidation/rules/xbetween.go:58.16,60.3 1 0
go-runtimevalidation/rules/xbetween.go:63.2,64.16 2 1
go-runtimevalidation/rules/xbetween.go:64.16,66.3 1 0
go-runtimevalidation/rules/xbetween.go:69.2,70.16 2 1
go-runtimevalidation/rules/xbetween.go:70.16,72.3 1 1
go-runtimevalidation/rules/xbetween.go:74.2,75.16 2 1
go-runtimevalidation/rules/xbetween.go:75.16,77.3 1 0
go-runtimevalidation/rules/xbetween.go:80.2,80.82 1 1
go-runtimevalidation/rules/xbetween.go:80.82,82.3 1 1
go-runtimevalidation/rules/xbetween.go:85.2,85.12 1 1
go-runtimevalidation/rules/xbetweenf.go:35.73,36.25 1 1
go-runtimevalidation/rules/xbetweenf.go:36.25,38.3 1 1
go-runtimevalidation/rules/xbetweenf.go:41.2,43.30 3 1
go-runtimevalidation/rules/xbetweenf.go:43.30,44.13 1 1
go-runtimevalidation/rules/xbetweenf.go:44.13,46.4 1 1
go-runtimevalidation/rules/xbetweenf.go:46.9,48.4 1 1
go-runtimevalidation/rules/xbetweenf.go:49.3,49.6 1 1
go-runtimevalidation/rules/xbetweenf.go:53.2,54.16 2 1
go-runtimevalidation/rules/xbetweenf.go:54.16,56.3 1 0
go-runtimevalidation/rules/xbetweenf.go:58.2,59.16 2 1
go-runtimevalidation/rules/xbetweenf.go:59.16,61.3 1 0
go-runtimevalidation/rules/xbetweenf.go:64.2,65.16 2 1
go-runtimevalidation/rules/xbetweenf.go:65.16,67.3 1 1
go-runtimevalidation/rules/xbetweenf.go:70.2,71.16 2 1
go-runtimevalidation/rules/xbetweenf.go:71.16,73.3 1 1
go-runtimevalidation/rules/xbetweenf.go:75.2,76.16 2 1
go-runtimevalidation/rules/xbetweenf.go:76.16,78.3 1 0
go-runtimevalidation/rules/xbetweenf.go:81.2,81.82 1 1
go-runtimevalidation/rules/xbetweenf.go:81.82,83.3 1 1
go-runtimevalidation/rules/xbetweenf.go:86.2,86.12 1 1
go-runtimevalidation/regex/compiler.go:108.52,111.31 3 1
go-runtimevalidation/regex/compiler.go:111.31,112.18 1 0
go-runtimevalidation/regex/compiler.go:112.18,114.4 1 0
go-runtimevalidation/regex/compiler.go:115.3,115.15 1 0
go-runtimevalidation/validation/errors.go:17.66,22.2 1 0
go-runtimevalidation/validation/errors.go:24.60,29.2 1 1
go-runtimevalidation/validation/errors.go:31.42,33.2 1 1
go-runtimevalidation/validation/validations.go:24.80,30.54 1 1
go-runtimevalidation/validation/validations.go:30.54,30.68 1 0
go-runtimevalidation/validation/validations.go:34.119,42.2 1 1
go-runtimevalidation/validation/validations.go:44.45,46.31 2 1
go-runtimevalidation/validation/validations.go:46.31,47.30 1 1
go-runtimevalidation/validation/validations.go:47.30,48.25 1 1
go-runtimevalidation/validation/validations.go:48.25,51.5 2 1
go-runtimevalidation/validation/validations.go:54.2,54.24 1 1
go-runtimevalidation/validation/validations.go:54.24,56.3 1 1
go-runtimevalidation/validation/validations.go:58.2,58.37 1 1
go-runtimevalidation/validation/validations.go:65.79,66.21 1 0
go-runtimevalidation/validation/validations.go:66.21,68.3 1 0
go-runtimevalidation/validation/validations.go:70.2,73.30 2 0
go-runtimevalidation/validation/validations.go:73.30,78.30 3 0
go-runtimevalidation/validation/validations.go:78.30,82.25 1 0
go-runtimevalidation/validation/validations.go:82.25,84.26 2 0
go-runtimevalidation/validation/validations.go:84.26,88.6 1 0
go-runtimevalidation/validation/validations.go:92.4,92.55 1 0
go-runtimevalidation/validation/validations.go:92.55,95.5 1 0
go-runtimevalidation/validation/validations.go:95.10,97.10 2 0
go-runtimevalidation/validation/validations.go:103.3,103.19 1 0
go-runtimevalidation/validation/validations.go:103.19,105.4 1 0
go-runtimevalidation/validation/validations.go:109.2,109.20 1 0
go-runtimevalidation/validation/validations.go:109.20,111.3 1 0
go-runtimevalidation/validation/validations.go:113.2,113.13 1 0
go-runtimevalidation/validation/validations.go:117.55,121.31 3 1
go-runtimevalidation/validation/validations.go:121.31,126.30 3 1
go-runtimevalidation/validation/validations.go:126.30,129.4 2 1
go-runtimevalidation/validation/validations.go:132.3,132.31 1 1
go-runtimevalidation/validation/validations.go:132.31,134.4 1 1
go-runtimevalidation/validation/validations.go:140.2,140.28 1 1
go-runtimevalidation/validation/validations.go:140.28,142.3 1 0
go-runtimevalidation/validation/validations.go:147.2,147.45 1 1
go-runtimevalidation/validation/validations.go:147.45,149.3 1 1
go-runtimevalidation/validation/validations.go:152.2,152.26 1 1
go-runtimevalidation/validation/validations.go:155.56,156.16 1 1
go-runtimevalidation/validation/validations.go:156.16,158.3 1 1
go-runtimevalidation/validation/validations.go:160.2,167.23 4 1
go-runtimevalidation/validation/validations.go:167.23,168.29 1 1
go-runtimevalidation/validation/validations.go:169.22,170.99 1 1
go-runtimevalidation/validation/validations.go:170.99,172.5 1 0
go-runtimevalidation/validation/validations.go:173.19,174.96 1 0
go-runtimevalidation/validation/validations.go:174.96,176.5 1 0
go-runtimevalidation/validation/validations.go:177.26,178.103 1 0
go-runtimevalidation/validation/validations.go:178.103,180.5 1 0
go-runtimevalidation/validation/validations.go:181.26,182.103 1 0
go-runtimevalidation/validation/validations.go:182.103,184.5 1 0
go-runtimevalidation/validation/validations.go:185.33,186.110 1 0
go-runtimevalidation/validation/validations.go:186.110,188.5 1 0
go-runtimevalidation/validation/validations.go:189.21,190.98 1 0
go-runtimevalidation/validation/validations.go:190.98,192.5 1 0
go-runtimevalidation/validation/validations.go:193.29,194.106 1 0
go-runtimevalidation/validation/validations.go:194.106,196.5 1 0
go-runtimevalidation/validation/validations.go:197.25,198.102 1 0
go-runtimevalidation/validation/validations.go:198.102,200.5 1 0
go-runtimevalidation/validation/validations.go:201.22,202.99 1 0
go-runtimevalidation/validation/validations.go:202.99,204.5 1 0
go-runtimevalidation/validation/validations.go:205.17,206.94 1 0
go-runtimevalidation/validation/validations.go:206.94,208.5 1 0
go-runtimevalidation/validation/validations.go:209.18,210.95 1 0
go-runtimevalidation/validation/validations.go:210.95,212.5 1 0
go-runtimevalidation/validation/validations.go:213.17,214.94 1 0
go-runtimevalidation/validation/validations.go:214.94,216.5 1 0
go-runtimevalidation/validation/validations.go:217.18,218.95 1 0
go-runtimevalidation/validation/validations.go:218.95,220.5 1 0
go-runtimevalidation/validation/validations.go:221.19,222.96 1 1
go-runtimevalidation/validation/validations.go:222.96,224.5 1 0
go-runtimevalidation/validation/validations.go:225.18,226.95 1 0
go-runtimevalidation/validation/validations.go:226.95,228.5 1 0
go-runtimevalidation/validation/validations.go:229.18,230.95 1 0
go-runtimevalidation/validation/validations.go:230.95,232.5 1 0
go-runtimevalidation/validation/validations.go:233.20,234.97 1 0
go-runtimevalidation/validation/validations.go:234.97,236.5 1 0
go-runtimevalidation/validation/validations.go:237.23,238.100 1 0
go-runtimevalidation/validation/validations.go:238.100,240.5 1 0
go-runtimevalidation/validation/validations.go:241.20,242.97 1 0
go-runtimevalidation/validation/validations.go:242.97,244.5 1 0
go-runtimevalidation/validation/validations.go:245.23,246.100 1 0
go-runtimevalidation/validation/validations.go:246.100,248.5 1 0
go-runtimevalidation/validation/validations.go:249.23,250.100 1 0
go-runtimevalidation/validation/validations.go:250.100,252.5 1 0
go-runtimevalidation/validation/validations.go:253.26,254.103 1 0
go-runtimevalidation/validation/validations.go:254.103,256.5 1 0
go-runtimevalidation/validation/validations.go:257.20,258.97 1 0
go-runtimevalidation/validation/validations.go:258.97,260.5 1 0
go-runtimevalidation/validation/validations.go:261.20,262.97 1 0
go-runtimevalidation/validation/validations.go:262.97,264.5 1 0
go-runtimevalidation/validation/validations.go:265.17,266.94 1 0
go-runtimevalidation/validation/validations.go:266.94,268.5 1 0
go-runtimevalidation/validation/validations.go:269.18,270.95 1 0
go-runtimevalidation/validation/validations.go:270.95,272.5 1 0
go-runtimevalidation/validation/validations.go:273.19,274.96 1 0
go-runtimevalidation/validation/validations.go:274.96,276.5 1 0
go-runtimevalidation/validation/validations.go:277.19,278.96 1 0
go-runtimevalidation/validation/validations.go:278.96,280.5 1 0
go-runtimevalidation/validation/validations.go:281.19,282.96 1 0
go-runtimevalidation/validation/validations.go:282.96,284.5 1 0
go-runtimevalidation/validation/validations.go:285.18,286.95 1 0
go-runtimevalidation/validation/validations.go:286.95,288.5 1 0
go-runtimevalidation/validation/validations.go:289.17,290.94 1 0
go-runtimevalidation/validation/validations.go:290.94,292.5 1 0
go-runtimevalidation/validation/validations.go:293.17,294.94 1 0
go-runtimevalidation/validation/validations.go:294.94,296.5 1 0
go-runtimevalidation/validation/validations.go:297.17,298.94 1 0
go-runtimevalidation/validation/validations.go:298.94,300.5 1 0
go-runtimevalidation/validation/validations.go:301.18,302.95 1 0
go-runtimevalidation/validation/validations.go:302.95,304.5 1 0
go-runtimevalidation/validation/validations.go:305.18,306.95 1 0
go-runtimevalidation/validation/validations.go:306.95,308.5 1 0
go-runtimevalidation/validation/validations.go:309.18,310.95 1 0
go-runtimevalidation/validation/validations.go:310.95,312.5 1 0
go-runtimevalidation/validation/validations.go:313.18,314.95 1 0
go-runtimevalidation/validation/validations.go:314.95,316.5 1 0
go-runtimevalidation/validation/validations.go:317.20,318.97 1 0
go-runtimevalidation/validation/validations.go:318.97,320.5 1 0
go-runtimevalidation/validation/validations.go:321.20,322.97 1 0
go-runtimevalidation/validation/validations.go:322.97,324.5 1 0
go-runtimevalidation/validation/validations.go:325.20,326.97 1 0
go-runtimevalidation/validation/validations.go:326.97,328.5 1 0
go-runtimevalidation/validation/validations.go:329.20,330.97 1 0
go-runtimevalidation/validation/validations.go:330.97,332.5 1 0
go-runtimevalidation/validation/validations.go:333.19,334.96 1 0
go-runtimevalidation/validation/validations.go:334.96,336.5 1 0
go-runtimevalidation/validation/validations.go:337.28,338.105 1 0
go-runtimevalidation/validation/validations.go:338.105,340.5 1 0
go-runtimevalidation/validation/validations.go:341.23,342.100 1 0
go-runtimevalidation/validation/validations.go:342.100,344.5 1 0
go-runtimevalidation/validation/validations.go:345.23,346.100 1 0
go-runtimevalidation/validation/validations.go:346.100,348.5 1 0
go-runtimevalidation/validation/validations.go:349.23,350.100 1 0
go-runtimevalidation/validation/validations.go:350.100,352.5 1 0
go-runtimevalidation/validation/validations.go:353.21,354.98 1 0
go-runtimevalidation/validation/validations.go:354.98,356.5 1 0
go-runtimevalidation/validation/validations.go:357.22,358.99 1 0
go-runtimevalidation/validation/validations.go:358.99,360.5 1 0
go-runtimevalidation/validation/validations.go:361.23,362.100 1 0
go-runtimevalidation/validation/validations.go:362.100,364.5 1 0
go-runtimevalidation/validation/validations.go:365.22,366.99 1 0
go-runtimevalidation/validation/validations.go:366.99,368.5 1 0
go-runtimevalidation/validation/validations.go:369.18,370.95 1 0
go-runtimevalidation/validation/validations.go:370.95,372.5 1 0
go-runtimevalidation/validation/validations.go:373.24,374.101 1 0
go-runtimevalidation/validation/validations.go:374.101,376.5 1 0
go-runtimevalidation/validation/validations.go:377.18,378.95 1 0
go-runtimevalidation/validation/validations.go:378.95,380.5 1 0
go-runtimevalidation/validation/validations.go:381.25,382.102 1 0
go-runtimevalidation/validation/validations.go:382.102,384.5 1 0
go-runtimevalidation/validation/validations.go:385.17,386.94 1 0
go-runtimevalidation/validation/validations.go:386.94,388.5 1 0
go-runtimevalidation/validation/validations.go:389.17,390.94 1 0
go-runtimevalidation/validation/validations.go:390.94,392.5 1 0
go-runtimevalidation/validation/validations.go:393.20,394.97 1 0
go-runtimevalidation/validation/validations.go:394.97,396.5 1 0
go-runtimevalidation/validation/validations.go:397.17,398.94 1 0
go-runtimevalidation/validation/validations.go:398.94,400.5 1 0
go-runtimevalidation/validation/validations.go:401.17,402.94 1 0
go-runtimevalidation/validation/validations.go:402.94,404.5 1 0
go-runtimevalidation/validation/validations.go:405.18,406.95 1 0
go-runtimevalidation/validation/validations.go:406.95,408.5 1 0
go-runtimevalidation/validation/validations.go:409.244,410.103 1 0
go-runtimevalidation/validation/validations.go:411.11,412.101 1 1
go-runtimevalidation/validation/validations.go:414.8,416.29 2 1
go-runtimevalidation/validation/validations.go:417.19,418.18 1 0
go-runtimevalidation/validation/validations.go:418.18,420.5 1 0
go-runtimevalidation/validation/validations.go:421.4,421.96 1 0
go-runtimevalidation/validation/validations.go:421.96,423.5 1 0
go-runtimevalidation/validation/validations.go:424.24,425.18 1 1
go-runtimevalidation/validation/validations.go:425.18,427.5 1 0
go-runtimevalidation/validation/validations.go:428.4,428.101 1 1
go-runtimevalidation/validation/validations.go:428.101,430.5 1 0
go-runtimevalidation/validation/validations.go:431.21,432.18 1 1
go-runtimevalidation/validation/validations.go:432.18,434.5 1 0
go-runtimevalidation/validation/validations.go:435.4,435.98 1 1
go-runtimevalidation/validation/validations.go:435.98,437.5 1 0
go-runtimevalidation/validation/validations.go:438.22,439.18 1 0
go-runtimevalidation/validation/validations.go:439.18,441.5 1 0
go-runtimevalidation/validation/validations.go:442.4,442.99 1 0
go-runtimevalidation/validation/validations.go:442.99,444.5 1 0
go-runtimevalidation/validation/validations.go:445.22,446.18 1 0
go-runtimevalidation/validation/validations.go:446.18,448.5 1 0
go-runtimevalidation/validation/validations.go:449.4,449.99 1 0
go-runtimevalidation/validation/validations.go:449.99,451.5 1 0
go-runtimevalidation/validation/validations.go:452.23,453.18 1 0
go-runtimevalidation/validation/validations.go:453.18,455.5 1 0
go-runtimevalidation/validation/validations.go:456.4,456.100 1 0
go-runtimevalidation/validation/validations.go:456.100,458.5 1 0
go-runtimevalidation/validation/validations.go:459.19,460.18 1 1
go-runtimevalidation/validation/validations.go:460.18,462.5 1 0
go-runtimevalidation/validation/validations.go:463.4,463.96 1 1
go-runtimevalidation/validation/validations.go:463.96,465.5 1 0
go-runtimevalidation/validation/validations.go:466.17,467.18 1 1
go-runtimevalidation/validation/validations.go:467.18,469.5 1 0
go-runtimevalidation/validation/validations.go:470.4,470.94 1 1
go-runtimevalidation/validation/validations.go:470.94,472.5 1 0
go-runtimevalidation/validation/validations.go:473.17,474.18 1 1
go-runtimevalidation/validation/validations.go:474.18,476.5 1 0
go-runtimevalidation/validation/validations.go:477.4,477.94 1 1
go-runtimevalidation/validation/validations.go:477.94,479.5 1 0
go-runtimevalidation/validation/validations.go:480.24,481.18 1 0
go-runtimevalidation/validation/validations.go:481.18,483.5 1 0
go-runtimevalidation/validation/validations.go:484.4,484.101 1 0
go-runtimevalidation/validation/validations.go:484.101,486.5 1 0
go-runtimevalidation/validation/validations.go:487.27,488.18 1 0
go-runtimevalidation/validation/validations.go:488.18,490.5 1 0
go-runtimevalidation/validation/validations.go:491.4,491.104 1 0
go-runtimevalidation/validation/validations.go:491.104,493.5 1 0
go-runtimevalidation/validation/validations.go:494.22,495.18 1 1
go-runtimevalidation/validation/validations.go:495.18,497.5 1 0
go-runtimevalidation/validation/validations.go:498.4,498.99 1 1
go-runtimevalidation/validation/validations.go:498.99,500.5 1 0
go-runtimevalidation/validation/validations.go:501.25,502.18 1 0
go-runtimevalidation/validation/validations.go:502.18,504.5 1 0
go-runtimevalidation/validation/validations.go:505.4,505.102 1 0
go-runtimevalidation/validation/validations.go:505.102,507.5 1 0
go-runtimevalidation/validation/validations.go:508.22,509.18 1 0
go-runtimevalidation/validation/validations.go:509.18,511.5 1 0
go-runtimevalidation/validation/validations.go:512.4,512.99 1 0
go-runtimevalidation/validation/validations.go:512.99,514.5 1 0
go-runtimevalidation/validation/validations.go:515.25,516.18 1 0
go-runtimevalidation/validation/validations.go:516.18,518.5 1 0
go-runtimevalidation/validation/validations.go:519.4,519.102 1 0
go-runtimevalidation/validation/validations.go:519.102,521.5 1 0
go-runtimevalidation/validation/validations.go:522.20,523.18 1 1
go-runtimevalidation/validation/validations.go:523.18,525.5 1 0
go-runtimevalidation/validation/validations.go:526.4,526.97 1 1
go-runtimevalidation/validation/validations.go:526.97,528.5 1 0
go-runtimevalidation/validation/validations.go:529.818,530.102 1 0
go-runtimevalidation/validation/validations.go:531.11,532.101 1 0
